<?xml version="1.0" encoding="UTF-8" standalone="no"?><testsuite errors="0" failures="0" name="Inicio de sesion de usuario" skipped="0" tests="6" time="28.0" timestamp="2026-01-25 06:36:26"><testcase name="Login exitoso con credenciales validas"/><testcase name="Intento de login con credenciales invalidas"/><testcase name="El usuario añade un producto al carrito"/><testcase name="El usuario finaliza la compra con un producto en el carrito."/><testcase name="El usuario añade varios productos al carrito, elimina uno y procede a la compra"/></testsuite>